MyGraduation/GradutaionProject/TestMallGuide/app/build/outputs/logs/manifest-merger-debug-report.txt
-- Merging decision tree log ---
manifest
ADDED from src\main\AndroidManifest.xml:2:1-147:12
	package
		ADDED from src\main\AndroidManifest.xml:3:5-45
		INJECTED from src\main\AndroidManifest.xml
		INJECTED from src\main\AndroidManifest.xml
	android:versionName
		INJECTED from src\main\AndroidManifest.xml
		INJECTED from src\main\AndroidManifest.xml
	xmlns:android
		ADDED from src\main\AndroidManifest.xml:2:11-69
	android:versionCode
		INJECTED from src\main\AndroidManifest.xml
		INJECTED from src\main\AndroidManifest.xml
uses-permission#android.permission.INTERNET
ADDED from src\main\AndroidManifest.xml:4:5-67
	android:name
		ADDED from src\main\AndroidManifest.xml:4:22-64
uses-permission#android.permission.READ_PHONE_STATE
ADDED from src\main\AndroidManifest.xml:7:5-75
	android:name
		ADDED from src\main\AndroidManifest.xml:7:22-72
uses-permission#android.permission.ACCESS_NETWORK_STATE
ADDED from src\main\AndroidManifest.xml:8:5-79
	android:name
		ADDED from src\main\AndroidManifest.xml:8:22-76
uses-permission#android.permission.CHANGE_WIFI_STATE
ADDED from src\main\AndroidManifest.xml:9:5-76
	android:name
		ADDED from src\main\AndroidManifest.xml:9:22-73
uses-permission#android.permission.ACCESS_WIFI_STATE
ADDED from src\main\AndroidManifest.xml:10:5-76
	android:name
		ADDED from src\main\AndroidManifest.xml:10:22-73
uses-permission#android.permission.WAKE_LOCK
ADDED from src\main\AndroidManifest.xml:11:5-68
	android:name
		ADDED from src\main\AndroidManifest.xml:11:22-65
uses-permission#android.permission.RECEIVE_BOOT_COMPLETED
ADDED from src\main\AndroidManifest.xml:12:5-81
	android:name
		ADDED from src\main\AndroidManifest.xml:12:22-78
uses-permission#android.permission.WRITE_EXTERNAL_STORAGE
ADDED from src\main\AndroidManifest.xml:13:5-81
	android:name
		ADDED from src\main\AndroidManifest.xml:13:22-78
uses-permission#android.permission.VIBRATE
ADDED from src\main\AndroidManifest.xml:14:5-66
	android:name
		ADDED from src\main\AndroidManifest.xml:14:22-63
uses-permission#android.permission.GET_TASKS
ADDED from src\main\AndroidManifest.xml:15:5-68
	android:name
		ADDED from src\main\AndroidManifest.xml:15:22-65
uses-permission#android.permission.BLUETOOTH
ADDED from src\main\AndroidManifest.xml:17:5-68
	android:name
		ADDED from src\main\AndroidManifest.xml:17:22-65
uses-permission#android.permission.BLUETOOTH_ADMIN
ADDED from src\main\AndroidManifest.xml:18:5-74
	android:name
		ADDED from src\main\AndroidManifest.xml:18:22-71
uses-permission#android.permission.ACCESS_FINE_LOCATION
ADDED from src\main\AndroidManifest.xml:20:5-79
	android:name
		ADDED from src\main\AndroidManifest.xml:20:22-76
uses-permission#android.permission.ACCESS_COARSE_LOCATION
ADDED from src\main\AndroidManifest.xml:21:5-81
	android:name
		ADDED from src\main\AndroidManifest.xml:21:22-78
uses-permission#android.permission.SYSTEM_ALERT_WINDOW
ADDED from src\main\AndroidManifest.xml:23:5-78
	android:name
		ADDED from src\main\AndroidManifest.xml:23:22-75
uses-permission#getui.permission.GetuiService.${applicationId}
ADDED from src\main\AndroidManifest.xml:25:5-86
	android:name
		ADDED from src\main\AndroidManifest.xml:25:22-83
		INJECTED from src\main\AndroidManifest.xml
permission#getui.permission.GetuiService.${applicationId}
ADDED from src\main\AndroidManifest.xml:34:5-37:18
	android:protectionLevel
		ADDED from src\main\AndroidManifest.xml:36:9-41
	android:name
		ADDED from src\main\AndroidManifest.xml:35:9-70
		INJECTED from src\main\AndroidManifest.xml
application
ADDED from src\main\AndroidManifest.xml:41:5-145:19
MERGED from [com.android.support:appcompat-v7:23.0.1] AndroidManifest.xml:22:5-20
MERGED from [com.android.support:support-v4:23.0.1] AndroidManifest.xml:22:5-20
	android:label
		ADDED from src\main\AndroidManifest.xml:44:9-41
	android:supportsRtl
		ADDED from src\main\AndroidManifest.xml:45:9-35
	android:allowBackup
		ADDED from src\main\AndroidManifest.xml:42:9-35
	android:icon
		ADDED from src\main\AndroidManifest.xml:43:9-36
	android:theme
		ADDED from src\main\AndroidManifest.xml:46:9-40
activity#com.example.neal.testmallguide.loading.LoadActivity
ADDED from src\main\AndroidManifest.xml:47:9-54:20
	android:theme
		ADDED from src\main\AndroidManifest.xml:48:13-56
	android:name
		ADDED from src\main\AndroidManifest.xml:47:19-55
intent-filter#android.intent.action.MAIN+android.intent.category.LAUNCHER
ADDED from src\main\AndroidManifest.xml:49:13-53:29
action#android.intent.action.MAIN
ADDED from src\main\AndroidManifest.xml:50:17-69
	android:name
		ADDED from src\main\AndroidManifest.xml:50:25-66
category#android.intent.category.LAUNCHER
ADDED from src\main\AndroidManifest.xml:52:17-77
	android:name
		ADDED from src\main\AndroidManifest.xml:52:27-74
activity#com.example.neal.testmallguide.floorsview.MainFloorsActivity
ADDED from src\main\AndroidManifest.xml:55:9-61:20
	android:screenOrientation
		ADDED from src\main\AndroidManifest.xml:57:13-50
	android:launchMode
		ADDED from src\main\AndroidManifest.xml:58:13-44
	android:theme
		ADDED from src\main\AndroidManifest.xml:56:13-56
	android:name
		ADDED from src\main\AndroidManifest.xml:55:19-64
activity#com.example.neal.testmallguide.loaddata.LoadingDataActivity
ADDED from src\main\AndroidManifest.xml:63:9-66:20
	android:theme
		ADDED from src\main\AndroidManifest.xml:64:13-56
	android:name
		ADDED from src\main\AndroidManifest.xml:63:19-63
meta-data#PUSH_APPID
ADDED from src\main\AndroidManifest.xml:70:9-72:47
	android:value
		ADDED from src\main\AndroidManifest.xml:72:13-44
		INJECTED from src\main\AndroidManifest.xml
	android:name
		ADDED from src\main\AndroidManifest.xml:71:13-38
meta-data#PUSH_APPKEY
ADDED from src\main\AndroidManifest.xml:73:9-75:48
	android:value
		ADDED from src\main\AndroidManifest.xml:75:13-45
		INJECTED from src\main\AndroidManifest.xml
	android:name
		ADDED from src\main\AndroidManifest.xml:74:13-39
meta-data#PUSH_APPSECRET
ADDED from src\main\AndroidManifest.xml:76:9-78:51
	android:value
		ADDED from src\main\AndroidManifest.xml:78:13-48
		INJECTED from src\main\AndroidManifest.xml
	android:name
		ADDED from src\main\AndroidManifest.xml:77:13-42
service#com.igexin.sdk.PushService
ADDED from src\main\AndroidManifest.xml:81:9-89:19
	android:process
		ADDED from src\main\AndroidManifest.xml:85:13-43
	android:label
		ADDED from src\main\AndroidManifest.xml:84:13-47
	android:exported
		ADDED from src\main\AndroidManifest.xml:83:13-36
	android:name
		ADDED from src\main\AndroidManifest.xml:82:13-54
intent-filter#com.igexin.sdk.action.service.message
ADDED from src\main\AndroidManifest.xml:86:13-88:29
action#com.igexin.sdk.action.service.message
ADDED from src\main\AndroidManifest.xml:87:17-79
	android:name
		ADDED from src\main\AndroidManifest.xml:87:25-77
receiver#com.igexin.sdk.PushReceiver
ADDED from src\main\AndroidManifest.xml:91:9-102:20
	android:name
		ADDED from src\main\AndroidManifest.xml:91:19-61
intent-filter#android.intent.action.ACTION_POWER_CONNECTED+android.intent.action.ACTION_POWER_DISCONNECTED+android.intent.action.BOOT_COMPLETED+android.intent.action.MEDIA_MOUNTED+android.intent.action.USER_PRESENT+android.net.conn.CONNECTIVITY_CHANGE+com.igexin.sdk.action.refreshls
ADDED from src\main\AndroidManifest.xml:92:13-101:29
action#android.intent.action.BOOT_COMPLETED
ADDED from src\main\AndroidManifest.xml:93:17-79
	android:name
		ADDED from src\main\AndroidManifest.xml:93:25-76
action#android.net.conn.CONNECTIVITY_CHANGE
ADDED from src\main\AndroidManifest.xml:94:17-79
	android:name
		ADDED from src\main\AndroidManifest.xml:94:25-76
action#android.intent.action.USER_PRESENT
ADDED from src\main\AndroidManifest.xml:95:17-77
	android:name
		ADDED from src\main\AndroidManifest.xml:95:25-74
action#com.igexin.sdk.action.refreshls
ADDED from src\main\AndroidManifest.xml:96:17-74
	android:name
		ADDED from src\main\AndroidManifest.xml:96:25-71
action#android.intent.action.MEDIA_MOUNTED
ADDED from src\main\AndroidManifest.xml:98:17-78
	android:name
		ADDED from src\main\AndroidManifest.xml:98:25-75
action#android.intent.action.ACTION_POWER_CONNECTED
ADDED from src\main\AndroidManifest.xml:99:17-87
	android:name
		ADDED from src\main\AndroidManifest.xml:99:25-84
action#android.intent.action.ACTION_POWER_DISCONNECTED
ADDED from src\main\AndroidManifest.xml:100:17-90
	android:name
		ADDED from src\main\AndroidManifest.xml:100:25-87
activity#com.igexin.sdk.PushActivity
ADDED from src\main\AndroidManifest.xml:104:9-111:20
	android:process
		ADDED from src\main\AndroidManifest.xml:108:13-43
	android:excludeFromRecents
		ADDED from src\main\AndroidManifest.xml:106:13-46
	android:exported
		ADDED from src\main\AndroidManifest.xml:107:13-37
	android:theme
		ADDED from src\main\AndroidManifest.xml:110:13-72
	android:taskAffinity
		ADDED from src\main\AndroidManifest.xml:109:13-67
	android:name
		ADDED from src\main\AndroidManifest.xml:105:13-55
service#com.igexin.download.DownloadService
ADDED from src\main\AndroidManifest.xml:113:9-115:46
	android:process
		ADDED from src\main\AndroidManifest.xml:115:13-43
	android:name
		ADDED from src\main\AndroidManifest.xml:114:13-63
receiver#com.igexin.download.DownloadReceiver
ADDED from src\main\AndroidManifest.xml:117:9-121:20
	android:name
		ADDED from src\main\AndroidManifest.xml:117:19-70
intent-filter#android.net.conn.CONNECTIVITY_CHANGE
ADDED from src\main\AndroidManifest.xml:118:13-120:29
provider#com.igexin.download.DownloadProvider
ADDED from src\main\AndroidManifest.xml:123:9-127:46
	android:authorities
		ADDED from src\main\AndroidManifest.xml:126:13-61
		INJECTED from src\main\AndroidManifest.xml
	android:process
		ADDED from src\main\AndroidManifest.xml:127:13-43
	android:exported
		ADDED from src\main\AndroidManifest.xml:125:13-36
	android:name
		ADDED from src\main\AndroidManifest.xml:124:13-64
activity#com.igexin.sdk.GActivity
ADDED from src\main\AndroidManifest.xml:129:9-135:74
	android:process
		ADDED from src\main\AndroidManifest.xml:133:13-43
	android:excludeFromRecents
		ADDED from src\main\AndroidManifest.xml:131:13-46
	android:exported
		ADDED from src\main\AndroidManifest.xml:132:13-36
	android:theme
		ADDED from src\main\AndroidManifest.xml:135:13-72
	android:taskAffinity
		ADDED from src\main\AndroidManifest.xml:134:13-67
	android:name
		ADDED from src\main\AndroidManifest.xml:130:13-52
service#com.example.neal.testmallguide.push.DemoPushService
ADDED from src\main\AndroidManifest.xml:137:9-142:19
	android:process
		ADDED from src\main\AndroidManifest.xml:141:13-43
	android:label
		ADDED from src\main\AndroidManifest.xml:140:13-40
	android:exported
		ADDED from src\main\AndroidManifest.xml:139:13-36
	android:name
		ADDED from src\main\AndroidManifest.xml:138:13-49
service#com.example.neal.testmallguide.push.DemoIntentService
ADDED from src\main\AndroidManifest.xml:144:9-58
	android:name
		ADDED from src\main\AndroidManifest.xml:144:18-56
uses-sdk
INJECTED from src\main\AndroidManifest.xml reason: use-sdk injection requested
MERGED from [com.android.support:appcompat-v7:23.0.1] AndroidManifest.xml:20:5-43
MERGED from [com.android.support:support-v4:23.0.1] AndroidManifest.xml:20:5-43
MERGED from [io.reactivex:rxandroid:1.1.0] AndroidManifest.xml:19:5-43
MERGED from [com.jakewharton:butterknife:8.0.1] AndroidManifest.xml:5:5-43
	android:targetSdkVersion
		INJECTED from src\main\AndroidManifest.xml
		INJECTED from src\main\AndroidManifest.xml
	android:minSdkVersion
		INJECTED from src\main\AndroidManifest.xml
		INJECTED from src\main\AndroidManifest.xml